<?xml version="1.0" encoding="UTF-8"?>
<!-- Generated by org.testng.reporters.JUnitXMLReporter -->
<testsuite ignored="0" hostname="LAPTOP-SG9OBQ6K" failures="1" tests="3" name="Command line test" time="0.639" errors="0" timestamp="2022-06-03T15:27:23 COT">
  <testcase classname="testService.OdontologoServiceTest" name="eliminarPorId" time="0.509"/>
  <testcase classname="testService.OdontologoServiceTest" name="guardarOdontologo" time="0.002"/>
  <testcase classname="testService.OdontologoServiceTest" name="traerTodos" time="0.05">
    <failure type="java.lang.RuntimeException" message="org.h2.jdbc.JdbcSQLNonTransientException: IO Exception: &amp;quot;java.nio.file.NoSuchFileException: create.sql&amp;quot;; &amp;quot;create.sql&amp;quot;
IO Exception: &amp;quot;java.nio.file.NoSuchFileException: create.sql&amp;quot;; &amp;quot;create.sql&amp;quot;; SQL statement:
RUNSCRIPT FROM &amp;apos;create.sql&amp;apos; [90031-212]">
      <![CDATA[java.lang.RuntimeException: org.h2.jdbc.JdbcSQLNonTransientException: IO Exception: "java.nio.file.NoSuchFileException: create.sql"; "create.sql"
IO Exception: "java.nio.file.NoSuchFileException: create.sql"; "create.sql"; SQL statement:
RUNSCRIPT FROM 'create.sql' [90031-212]
at odontologos.dao.impl.OdontologoDaoH2.buscarTodos(OdontologoDaoH2.java:95)
at odontologos.service.OdontologoService.buscarTodos(OdontologoService.java:24)
at testService.OdontologoServiceTest.traerTodos(OdontologoServiceTest.java:26)
at java.base/java.util.ArrayList.forEach(ArrayList.java:1511)
Caused by: org.h2.jdbc.JdbcSQLNonTransientException: IO Exception: "java.nio.file.NoSuchFileException: create.sql"; "create.sql"
IO Exception: "java.nio.file.NoSuchFileException: create.sql"; "create.sql"; SQL statement:
RUNSCRIPT FROM 'create.sql' [90031-212]
at org.h2.message.DbException.getJdbcSQLException(DbException.java:554)
at org.h2.message.DbException.getJdbcSQLException(DbException.java:477)
at org.h2.message.DbException.get(DbException.java:212)
at org.h2.message.DbException.convertIOException(DbException.java:442)
at org.h2.command.dml.ScriptBase.openInput(ScriptBase.java:170)
at org.h2.command.dml.RunScriptCommand.update(RunScriptCommand.java:52)
at org.h2.command.CommandContainer.update(CommandContainer.java:174)
at org.h2.command.Command.executeUpdate(Command.java:252)
at org.h2.engine.Engine.openSession(Engine.java:279)
at org.h2.engine.Engine.createSession(Engine.java:201)
at org.h2.engine.SessionRemote.connectEmbeddedOrServer(SessionRemote.java:338)
at org.h2.jdbc.JdbcConnection.<init>(JdbcConnection.java:122)
at org.h2.Driver.connect(Driver.java:59)
at java.sql/java.sql.DriverManager.getConnection(DriverManager.java:681)
at java.sql/java.sql.DriverManager.getConnection(DriverManager.java:229)
at odontologos.dao.impl.OdontologoDaoH2.buscarTodos(OdontologoDaoH2.java:71)
... 39 more
Caused by: java.nio.file.NoSuchFileException: create.sql
at java.base/sun.nio.fs.WindowsException.translateToIOException(WindowsException.java:85)
at java.base/sun.nio.fs.WindowsException.rethrowAsIOException(WindowsException.java:103)
at java.base/sun.nio.fs.WindowsException.rethrowAsIOException(WindowsException.java:108)
at java.base/sun.nio.fs.WindowsFileSystemProvider.newByteChannel(WindowsFileSystemProvider.java:236)
at java.base/java.nio.file.Files.newByteChannel(Files.java:380)
at java.base/java.nio.file.Files.newByteChannel(Files.java:432)
at java.base/java.nio.file.spi.FileSystemProvider.newInputStream(FileSystemProvider.java:422)
at java.base/java.nio.file.Files.newInputStream(Files.java:160)
at org.h2.store.fs.disk.FilePathDisk.newInputStream(FilePathDisk.java:399)
at org.h2.store.fs.FileUtils.newInputStream(FileUtils.java:277)
at org.h2.command.dml.ScriptBase.openInput(ScriptBase.java:168)
... 50 more
... Removed 36 stack frames]]>
    </failure>
  </testcase> <!-- traerTodos -->
</testsuite> <!-- Command line test -->
