<?xml version="1.0" encoding="UTF-8" ?>
<testsuite tests="3" failures="1" name="testService.OdontologoServiceTest" time="0.425" errors="0" skipped="0">
  <properties>
[...]
</properties>
  <testcase classname="testService.OdontologoServiceTest" name="eliminarPorId" time="0.38"/>
  <testcase classname="testService.OdontologoServiceTest" name="guardarOdontologo" time="0.006"/>
  <testcase classname="testService.OdontologoServiceTest" name="traerTodos" time="0.039">
    <failure message="org.h2.jdbc.JdbcSQLNonTransientException: IO Exception: &quot;java.nio.file.NoSuchFileException: create.sql&quot;; &quot;create.sql&quot;
IO Exception: &quot;java.nio.file.NoSuchFileException: create.sql&quot;; &quot;create.sql&quot;; SQL statement:
RUNSCRIPT FROM &apos;create.sql&apos; [90031-212]" type="java.lang.RuntimeException">java.lang.RuntimeException: org.h2.jdbc.JdbcSQLNonTransientException: IO Exception: &quot;java.nio.file.NoSuchFileException: create.sql&quot;; &quot;create.sql&quot;
IO Exception: &quot;java.nio.file.NoSuchFileException: create.sql&quot;; &quot;create.sql&quot;; SQL statement:
RUNSCRIPT FROM &apos;create.sql&apos; [90031-212]
	at odontologos.dao.impl.OdontologoDaoH2.buscarTodos(OdontologoDaoH2.java:95)
	at odontologos.service.OdontologoService.buscarTodos(OdontologoService.java:24)
	at testService.OdontologoServiceTest.traerTodos(OdontologoServiceTest.java:26)
Caused by: org.h2.jdbc.JdbcSQLNonTransientException: IO Exception: &quot;java.nio.file.NoSuchFileException: create.sql&quot;; &quot;create.sql&quot;
IO Exception: &quot;java.nio.file.NoSuchFileException: create.sql&quot;; &quot;create.sql&quot;; SQL statement:
RUNSCRIPT FROM &apos;create.sql&apos; [90031-212]
	at org.h2.message.DbException.getJdbcSQLException(DbException.java:554)
	at org.h2.message.DbException.getJdbcSQLException(DbException.java:477)
	at org.h2.message.DbException.get(DbException.java:212)
	at org.h2.message.DbException.convertIOException(DbException.java:442)
	at org.h2.command.dml.ScriptBase.openInput(ScriptBase.java:170)
	at org.h2.command.dml.RunScriptCommand.update(RunScriptCommand.java:52)
	at org.h2.command.CommandContainer.update(CommandContainer.java:174)
	at org.h2.command.Command.executeUpdate(Command.java:252)
	at org.h2.engine.Engine.openSession(Engine.java:279)
	at org.h2.engine.Engine.createSession(Engine.java:201)
	at org.h2.engine.SessionRemote.connectEmbeddedOrServer(SessionRemote.java:338)
	at org.h2.jdbc.JdbcConnection.&lt;init&gt;(JdbcConnection.java:122)
	at org.h2.Driver.connect(Driver.java:59)
	at java.sql/java.sql.DriverManager.getConnection(DriverManager.java:681)
	at java.sql/java.sql.DriverManager.getConnection(DriverManager.java:229)
	at odontologos.dao.impl.OdontologoDaoH2.buscarTodos(OdontologoDaoH2.java:71)
	... 39 more
Caused by: java.nio.file.NoSuchFileException: create.sql
	at java.base/sun.nio.fs.WindowsException.translateToIOException(WindowsException.java:85)
	at java.base/sun.nio.fs.WindowsException.rethrowAsIOException(WindowsException.java:103)
	at java.base/sun.nio.fs.WindowsException.rethrowAsIOException(WindowsException.java:108)
	at java.base/sun.nio.fs.WindowsFileSystemProvider.newByteChannel(WindowsFileSystemProvider.java:236)
	at java.base/java.nio.file.Files.newByteChannel(Files.java:380)
	at java.base/java.nio.file.Files.newByteChannel(Files.java:432)
	at java.base/java.nio.file.spi.FileSystemProvider.newInputStream(FileSystemProvider.java:422)
	at java.base/java.nio.file.Files.newInputStream(Files.java:160)
	at org.h2.store.fs.disk.FilePathDisk.newInputStream(FilePathDisk.java:399)
	at org.h2.store.fs.FileUtils.newInputStream(FileUtils.java:277)
	at org.h2.command.dml.ScriptBase.openInput(ScriptBase.java:168)
	... 50 more
</failure>
  </testcase>
</testsuite>